c:\users\david\desktop\basicscenerendererwithmaterials_inclass\debug\vc141.pdb
c:\users\david\desktop\basicscenerendererwithmaterials_inclass\debug\vc141.idb
c:\users\david\desktop\basicscenerendererwithmaterials_inclass\debug\camera.obj
c:\users\david\desktop\basicscenerendererwithmaterials_inclass\debug\common.obj
c:\users\david\desktop\basicscenerendererwithmaterials_inclass\debug\glshell.obj
c:\users\david\desktop\basicscenerendererwithmaterials_inclass\debug\main.obj
c:\users\david\desktop\basicscenerendererwithmaterials_inclass\debug\mesh.obj
c:\users\david\desktop\basicscenerendererwithmaterials_inclass\debug\shaders.obj
c:\users\david\desktop\basicscenerendererwithmaterials_inclass\debug\prefabs.obj
c:\users\david\desktop\basicscenerendererwithmaterials_inclass\debug\image.obj
c:\users\david\desktop\basicscenerendererwithmaterials_inclass\debug\basicscenerenderer.obj
c:\users\david\desktop\basicscenerendererwithmaterials_inclass\debug\texture.obj
c:\users\david\desktop\basicscenerendererwithmaterials_inclass\debug\vertex.obj
c:\users\david\desktop\basicscenerendererwithmaterials_inclass\debug\basicscene.ilk
c:\users\david\desktop\basicscenerendererwithmaterials_inclass\debug\basicscene.exe
c:\users\david\desktop\basicscenerendererwithmaterials_inclass\debug\basicscene.pdb
c:\users\david\desktop\basicscenerendererwithmaterials_inclass\debug\basicscene.tlog\cl.command.1.tlog
c:\users\david\desktop\basicscenerendererwithmaterials_inclass\debug\basicscene.tlog\cl.read.1.tlog
c:\users\david\desktop\basicscenerendererwithmaterials_inclass\debug\basicscene.tlog\cl.write.1.tlog
c:\users\david\desktop\basicscenerendererwithmaterials_inclass\debug\basicscene.tlog\link.command.1.tlog
c:\users\david\desktop\basicscenerendererwithmaterials_inclass\debug\basicscene.tlog\link.read.1.tlog
c:\users\david\desktop\basicscenerendererwithmaterials_inclass\debug\basicscene.tlog\link.write.1.tlog
